Size: 1000000, Threads: 1, X: 5
0.092633	0
0.092474	0
0.092298	0
0.092215	0
0.092334	0
--------------------
Size: 1000000, Threads: 2, X: 5
0.049263	0
0.049024	0
0.049329	0
0.049379	0
0.048934	0
--------------------
Size: 1000000, Threads: 4, X: 5
0.031682	0
0.030898	0
0.034062	0
0.029466	0
0.031494	0
--------------------
Size: 1000000, Threads: 8, X: 5
0.032288	0
0.033464	0
0.028151	0
0.029374	0
0.035745	0
--------------------
Size: 1000000, Threads: 16, X: 5
0.043320	0
0.039803	0
0.042316	0
0.046210	0
0.040070	0
--------------------
Size: 1000000, Threads: 1, X: 100
0.093221	0
0.093044	0
0.093461	0
0.093378	0
0.094794	0
--------------------
Size: 1000000, Threads: 2, X: 100
0.049170	0
0.049137	0
0.049781	0
0.049820	0
0.049551	0
--------------------
Size: 1000000, Threads: 4, X: 100
0.028692	0
0.028683	0
0.029271	0
0.028690	0
0.028350	0
--------------------
Size: 1000000, Threads: 8, X: 100
0.023112	0
0.021491	0
0.022192	0
0.022225	0
0.024350	0
--------------------
Size: 1000000, Threads: 16, X: 100
0.027594	0
0.026733	0
0.025992	0
0.027001	0
0.027574	0
--------------------
Size: 1000000, Threads: 1, X: 1000
0.094034	0
0.093838	0
0.094945	0
0.095596	0
0.095836	0
--------------------
Size: 1000000, Threads: 2, X: 1000
0.050093	0
0.050118	0
0.049532	0
0.049378	0
0.049631	0
--------------------
Size: 1000000, Threads: 4, X: 1000
0.026900	0
0.026753	0
0.026732	0
0.026615	0
0.026727	0
--------------------
Size: 1000000, Threads: 8, X: 1000
0.015716	0
0.015718	0
0.015814	0
0.015603	0
0.015868	0
--------------------
Size: 1000000, Threads: 16, X: 1000
0.022483	0
0.011544	0
0.011658	0
0.011552	0
0.011667	0
--------------------
Size: 100000000, Threads: 1, X: 5
11.910435	0
11.897078	0
11.823548	0
11.843243	0
11.795926	0
--------------------
Size: 100000000, Threads: 2, X: 5
5.917044	0
5.918653	0
5.932883	0
5.940145	0
5.928426	0
--------------------
Size: 100000000, Threads: 4, X: 5
3.112892	0
3.118860	0
3.123339	0
3.129275	0
3.120836	0
--------------------
Size: 100000000, Threads: 8, X: 5
1.998616	0
1.959106	0
1.996818	0
2.028298	0
2.042859	0
--------------------
Size: 100000000, Threads: 16, X: 5
1.870426	0
2.137536	0
1.897352	0
1.997592	0
1.913821	0
--------------------
Size: 100000000, Threads: 1, X: 100
11.862068	0
11.706911	0
11.716845	0
11.747570	0
11.829405	0
--------------------
Size: 100000000, Threads: 2, X: 100
5.982296	0
5.939447	0
5.960124	0
5.979583	0
5.975489	0
--------------------
Size: 100000000, Threads: 4, X: 100
3.135801	0
3.128062	0
3.114107	0
3.105102	0
3.105603	0
--------------------
Size: 100000000, Threads: 8, X: 100
1.842888	0
1.768237	0
1.901268	0
1.795013	0
1.923302	0
--------------------
Size: 100000000, Threads: 16, X: 100
1.327345	0
1.468388	0
1.331365	0
1.385232	0
1.361402	0
--------------------
Size: 100000000, Threads: 1, X: 1000
11.859313	0
11.821673	0
11.805382	0
11.790470	0
11.812025	0
--------------------
Size: 100000000, Threads: 2, X: 1000
5.934063	0
5.912018	0
5.952804	0
5.978161	0
5.921960	0
--------------------
Size: 100000000, Threads: 4, X: 1000
3.084071	0
3.078448	0
3.081245	0
3.104155	0
3.116540	0
--------------------
Size: 100000000, Threads: 8, X: 1000
1.784959	0
1.739552	0
1.739902	0
1.743154	0
1.743625	0
--------------------
Size: 100000000, Threads: 16, X: 1000
1.250099	0
1.236783	0
1.240890	0
1.255010	0
1.258180	0
--------------------
