Size: 1000000, Sequential execution
0.083927	0
0.086104	0
0.083902	0
0.083906	0
0.083677	0
--------------------
Size: 1000000, Threads: 1
0.091577	0
0.091513	0
0.091453	0
0.091726	0
0.091564	0
--------------------
Size: 1000000, Threads: 2
0.049143	0
0.048907	0
0.048684	0
0.049103	0
0.048884	0
--------------------
Size: 1000000, Threads: 4
0.031742	0
0.033503	0
0.032279	0
0.031581	0
0.030506	0
--------------------
Size: 1000000, Threads: 8
0.034580	0
0.031649	0
0.036635	0
0.034694	0
0.037122	0
--------------------
Size: 1000000, Threads: 16
0.052604	0
0.050183	0
0.048676	0
0.055182	0
0.068185	0
--------------------
Size: 100000000, Sequential execution
10.843884	0
10.886116	0
10.803549	0
10.809010	0
10.866301	0
--------------------
Size: 100000000, Threads: 1
11.597657	0
11.495979	0
11.553685	0
11.509170	0
11.518041	0
--------------------
Size: 100000000, Threads: 2
5.853336	0
5.800192	0
5.797650	0
5.807056	0
5.806560	0
--------------------
Size: 100000000, Threads: 4
3.091477	0
3.060526	0
3.069286	0
3.054646	0
3.073808	0
--------------------
Size: 100000000, Threads: 8
2.125261	0
2.027830	0
2.092924	0
2.080096	0
1.965275	0
--------------------
Size: 100000000, Threads: 16
1.993438	0
2.254811	0
2.405120	0
2.336131	0
2.146190	0
--------------------
