readimg:
     21, Loop not vectorized/parallelized: contains call
saveimg:
     34, Loop not vectorized/parallelized: contains call
clear_border:
     44, Generating copyout(image[:ny*nx]) [if not already present]
         Generating Tesla code
         47, #pragma acc loop gang, vector(128) /* blockIdx.x threadIdx.x */
     47, Generating copyout(image[:ny*nx]) [if not already present]
         Generating Tesla code
         49, #pragma acc loop gang, vector(128) /* blockIdx.x threadIdx.x */
     49, Generating copyout(image[:ny*nx]) [if not already present]
         Generating Tesla code
         53, #pragma acc loop gang, vector(128) /* blockIdx.x threadIdx.x */
     53, Generating copyout(image[:ny*nx]) [if not already present]
         Generating Tesla code
         55, #pragma acc loop gang, vector(128) /* blockIdx.x threadIdx.x */
limit_pixel:
     58, Generating implicit acc routine seq
         Generating acc routine seq
         Generating Tesla code
invert:
     65, Generating copyin(image[:ny*nx]) [if not already present]
         Generating copyout(image_invert[:ny*nx]) [if not already present]
         Generating Tesla code
         68, #pragma acc loop gang, vector(128) collapse(2) /* blockIdx.x threadIdx.x */
         69,   /* blockIdx.x threadIdx.x collapsed */
     72, limit_pixel inlined, size=4 (inline) file imgproc.c (58)
smooth:
     78, Generating copyin(image[:ny*nx]) [if not already present]
         Generating copyout(image_smooth[:ny*nx]) [if not already present]
         Generating Tesla code
         81, #pragma acc loop gang, vector(128) collapse(2) /* blockIdx.x threadIdx.x */
         82,   /* blockIdx.x threadIdx.x collapsed */
     94, limit_pixel inlined, size=4 (inline) file imgproc.c (58)
detect:
    102, Generating copyin(image[:ny*nx]) [if not already present]
         Generating copyout(image_detect[:ny*nx]) [if not already present]
         Generating Tesla code
        105, #pragma acc loop gang, vector(128) collapse(2) /* blockIdx.x threadIdx.x */
        106,   /* blockIdx.x threadIdx.x collapsed */
    114, limit_pixel inlined, size=4 (inline) file imgproc.c (58)
enhance:
    121, Generating copyin(image[:ny*nx]) [if not already present]
         Generating copyout(image_enhance[:ny*nx]) [if not already present]
         Generating Tesla code
        124, #pragma acc loop gang, vector(128) collapse(2) /* blockIdx.x threadIdx.x */
        125,   /* blockIdx.x threadIdx.x collapsed */
    132, limit_pixel inlined, size=4 (inline) file imgproc.c (58)
main:
    165, readimg inlined, size=10 (inline) file imgproc.c (15)
          21, Loop not vectorized/parallelized: contains call
    170, Generating copyout(image_invert[:nx*ny],image_enhance[:nx*ny],image_smooth[:nx*ny]) [if not already present]
         Generating copyin(image[:nx*ny]) [if not already present]
         Generating copyout(image_detect[:nx*ny]) [if not already present]
    186, saveimg inlined, size=12 (inline) file imgproc.c (29)
          34, Loop not vectorized/parallelized: contains call
    188, saveimg inlined, size=12 (inline) file imgproc.c (29)
          34, Loop not vectorized/parallelized: contains call
    190, saveimg inlined, size=12 (inline) file imgproc.c (29)
          34, Loop not vectorized/parallelized: contains call
    192, saveimg inlined, size=12 (inline) file imgproc.c (29)
          34, Loop not vectorized/parallelized: contains call
