clear_border:
     44, Generating copyout(image[:ny*nx]) [if not already present]
         Generating Tesla code
         47, #pragma acc loop gang, vector(128) /* blockIdx.x threadIdx.x */
     47, Generating copyout(image[:ny*nx]) [if not already present]
         Generating Tesla code
         49, #pragma acc loop gang, vector(128) /* blockIdx.x threadIdx.x */
     49, Generating copyout(image[:ny*nx]) [if not already present]
         Generating Tesla code
         53, #pragma acc loop gang, vector(128) /* blockIdx.x threadIdx.x */
     53, Generating copyout(image[:ny*nx]) [if not already present]
         Generating Tesla code
         55, #pragma acc loop gang, vector(128) /* blockIdx.x threadIdx.x */
limit_pixel:
     58, Generating implicit acc routine seq
         Generating acc routine seq
         Generating Tesla code
invert:
     65, Generating copyout(image_invert[:ny*nx]) [if not already present]
         Generating copyin(image[:ny*nx]) [if not already present]
         Generating Tesla code
         68, #pragma acc loop gang, vector(128) collapse(2) /* blockIdx.x threadIdx.x */
         69,   /* blockIdx.x threadIdx.x collapsed */
     76, Generating update self(image_invert[:ny*nx])
smooth:
     79, Generating copyout(image_smooth[:ny*nx]) [if not already present]
         Generating copyin(image[:ny*nx]) [if not already present]
         Generating Tesla code
         82, #pragma acc loop gang, vector(128) collapse(2) /* blockIdx.x threadIdx.x */
         83,   /* blockIdx.x threadIdx.x collapsed */
    101, Generating update self(image_smooth[:ny*nx])
detect:
    104, Generating copyout(image_detect[:ny*nx]) [if not already present]
         Generating copyin(image[:ny*nx]) [if not already present]
         Generating Tesla code
        107, #pragma acc loop gang, vector(128) collapse(2) /* blockIdx.x threadIdx.x */
        108,   /* blockIdx.x threadIdx.x collapsed */
    121, Generating update self(image_detect[:ny*nx])
enhance:
    124, Generating copyout(image_enhance[:ny*nx]) [if not already present]
         Generating copyin(image[:ny*nx]) [if not already present]
         Generating Tesla code
        127, #pragma acc loop gang, vector(128) collapse(2) /* blockIdx.x threadIdx.x */
        128,   /* blockIdx.x threadIdx.x collapsed */
    140, Generating update self(image_enhance[:ny*nx])
main:
    174, Generating enter data create(image_detect[:nx*ny])
         Generating enter data copyin(image[:nx*ny])
         Generating enter data create(image_invert[:nx*ny],image_enhance[:nx*ny],image_smooth[:nx*ny])
    183, Generating exit data delete(image_detect[:nx*ny],image[:nx*ny],image_smooth[:nx*ny],image_invert[:nx*ny],image_enhance[:nx*ny])
